Performing C SOURCE FILE Test CMAKE_HAVE_LIBC_PTHREAD failed with the following output:
Change Dir: /home/vlad/Desktop/2_year/ACS/LA_CSA_project/cmake-build-debug/CMakeFiles/CMakeTmp

Run Build Command(s):/usr/bin/make cmTC_35494/fast && /usr/bin/make -f CMakeFiles/cmTC_35494.dir/build.make CMakeFiles/cmTC_35494.dir/build
make[1]: Entering directory '/home/vlad/Desktop/2_year/ACS/LA_CSA_project/cmake-build-debug/CMakeFiles/CMakeTmp'
Building C object CMakeFiles/cmTC_35494.dir/src.c.o
/usr/bin/cc   -DCMAKE_HAVE_LIBC_PTHREAD   -o CMakeFiles/cmTC_35494.dir/src.c.o   -c /home/vlad/Desktop/2_year/ACS/LA_CSA_project/cmake-build-debug/CMakeFiles/CMakeTmp/src.c
Linking C executable cmTC_35494
/opt/clion-2019.3/bin/cmake/linux/bin/cmake -E cmake_link_script CMakeFiles/cmTC_35494.dir/link.txt --verbose=1
/usr/bin/cc  -DCMAKE_HAVE_LIBC_PTHREAD    CMakeFiles/cmTC_35494.dir/src.c.o  -o cmTC_35494 
/usr/bin/ld: CMakeFiles/cmTC_35494.dir/src.c.o: in function `main':
src.c:(.text+0x46): undefined reference to `pthread_create'
/usr/bin/ld: src.c:(.text+0x52): undefined reference to `pthread_detach'
/usr/bin/ld: src.c:(.text+0x63): undefined reference to `pthread_join'
collect2: error: ld returned 1 exit status
make[1]: *** [CMakeFiles/cmTC_35494.dir/build.make:87: cmTC_35494] Error 1
make[1]: Leaving directory '/home/vlad/Desktop/2_year/ACS/LA_CSA_project/cmake-build-debug/CMakeFiles/CMakeTmp'
make: *** [Makefile:121: cmTC_35494/fast] Error 2


Source file was:
#include <pthread.h>

void* test_func(void* data)
{
  return data;
}

int main(void)
{
  pthread_t thread;
  pthread_create(&thread, NULL, test_func, NULL);
  pthread_detach(thread);
  pthread_join(thread, NULL);
  pthread_atfork(NULL, NULL, NULL);
  pthread_exit(NULL);

  return 0;
}

Determining if the function pthread_create exists in the pthreads failed with the following output:
Change Dir: /home/vlad/Desktop/2_year/ACS/LA_CSA_project/cmake-build-debug/CMakeFiles/CMakeTmp

Run Build Command(s):/usr/bin/make cmTC_8fad3/fast && /usr/bin/make -f CMakeFiles/cmTC_8fad3.dir/build.make CMakeFiles/cmTC_8fad3.dir/build
make[1]: Entering directory '/home/vlad/Desktop/2_year/ACS/LA_CSA_project/cmake-build-debug/CMakeFiles/CMakeTmp'
Building C object CMakeFiles/cmTC_8fad3.dir/CheckFunctionExists.c.o
/usr/bin/cc   -DCHECK_FUNCTION_EXISTS=pthread_create   -o CMakeFiles/cmTC_8fad3.dir/CheckFunctionExists.c.o   -c /opt/clion-2019.3/bin/cmake/linux/share/cmake-3.15/Modules/CheckFunctionExists.c
Linking C executable cmTC_8fad3
/opt/clion-2019.3/bin/cmake/linux/bin/cmake -E cmake_link_script CMakeFiles/cmTC_8fad3.dir/link.txt --verbose=1
/usr/bin/cc  -DCHECK_FUNCTION_EXISTS=pthread_create    CMakeFiles/cmTC_8fad3.dir/CheckFunctionExists.c.o  -o cmTC_8fad3 -lpthreads 
/usr/bin/ld: cannot find -lpthreads
collect2: error: ld returned 1 exit status
make[1]: *** [CMakeFiles/cmTC_8fad3.dir/build.make:87: cmTC_8fad3] Error 1
make[1]: Leaving directory '/home/vlad/Desktop/2_year/ACS/LA_CSA_project/cmake-build-debug/CMakeFiles/CMakeTmp'
make: *** [Makefile:121: cmTC_8fad3/fast] Error 2



